<?xml version="1.0" encoding="UTF-8"?>
<testng-results ignored="0" total="1" passed="1" failed="0" skipped="0">
  <reporter-output>
  </reporter-output>
  <suite started-at="2024-05-01T10:49:51 IST" name="Default suite" finished-at="2024-05-01T10:49:56 IST" duration-ms="4624">
    <groups>
    </groups>
    <test started-at="2024-05-01T10:49:51 IST" name="Default test" finished-at="2024-05-01T10:49:56 IST" duration-ms="4624">
      <class name="Practise.DemoCountryNameGetExample">
        <test-method signature="Example2()[pri:1, instance:Practise.DemoCountryNameGetExample@353352b6]" started-at="2024-05-01T10:49:51 IST" name="Example2" finished-at="2024-05-01T10:49:54 IST" duration-ms="3113" status="PASS">
          <reporter-output>
          </reporter-output>
        </test-method> <!-- Example2 -->
        <test-method is-config="true" signature="addResultsToTestRail(org.testng.ITestResult)[pri:0, instance:Practise.DemoCountryNameGetExample@353352b6]" started-at="2024-05-01T10:49:54 IST" name="addResultsToTestRail" finished-at="2024-05-01T10:49:56 IST" duration-ms="1444" status="PASS">
          <params>
            <param index="0">
              <value>
                <![CDATA[[TestResult name=Example2 status=SUCCESS method=DemoCountryNameGetExample.Example2()[pri:1, instance:Practise.DemoCountryNameGetExample@353352b6] output={null}]]]>
              </value>
            </param>
          </params>
          <reporter-output>
          </reporter-output>
        </test-method> <!-- addResultsToTestRail -->
      </class> <!-- Practise.DemoCountryNameGetExample -->
    </test> <!-- Default test -->
  </suite> <!-- Default suite -->
</testng-results>
