<?xml version="1.0" encoding="UTF-8"?>
<testng-results ignored="0" total="1" passed="1" failed="0" skipped="0">
  <reporter-output>
  </reporter-output>
  <suite started-at="2024-05-01T11:28:33 IST" name="Default suite" finished-at="2024-05-01T11:28:42 IST" duration-ms="8310">
    <groups>
    </groups>
    <test started-at="2024-05-01T11:28:33 IST" name="Default test" finished-at="2024-05-01T11:28:42 IST" duration-ms="8310">
      <class name="Practise.DemoPhoneCodeTest">
        <test-method signature="Example2()[pri:1, instance:Practise.DemoPhoneCodeTest@48bb62]" started-at="2024-05-01T11:28:34 IST" name="Example2" finished-at="2024-05-01T11:28:37 IST" duration-ms="3052" status="PASS">
          <reporter-output>
          </reporter-output>
        </test-method> <!-- Example2 -->
        <test-method is-config="true" signature="addResultsToTestRail(org.testng.ITestResult)[pri:0, instance:Practise.DemoPhoneCodeTest@48bb62]" started-at="2024-05-01T11:28:37 IST" name="addResultsToTestRail" finished-at="2024-05-01T11:28:42 IST" duration-ms="5193" status="PASS">
          <params>
            <param index="0">
              <value>
                <![CDATA[[TestResult name=Example2 status=SUCCESS method=DemoPhoneCodeTest.Example2()[pri:1, instance:Practise.DemoPhoneCodeTest@48bb62] output={null}]]]>
              </value>
            </param>
          </params>
          <reporter-output>
          </reporter-output>
        </test-method> <!-- addResultsToTestRail -->
      </class> <!-- Practise.DemoPhoneCodeTest -->
    </test> <!-- Default test -->
  </suite> <!-- Default suite -->
</testng-results>
